0 info it worked if it ends with ok
1 verbose cli [ 'C:\\Users\\Garnet Grimm\\AppData\\Local\\.meteor\\packages\\meteor-tool\\1.4.2_3\\mt-os.windows.x86_32\\dev_bundle\\bin\\node.exe',
1 verbose cli   'C:\\Users\\Garnet Grimm\\AppData\\Local\\.meteor\\packages\\meteor-tool\\1.4.2_3\\mt-os.windows.x86_32\\dev_bundle\\lib\\node_modules\\npm\\bin\\npm-cli.js',
1 verbose cli   'install',
1 verbose cli   '--save',
1 verbose cli   'node-zlib-backport' ]
2 info using npm@3.10.9
3 info using node@v4.6.2
4 silly loadCurrentTree Starting
5 silly install loadCurrentTree
6 silly install readLocalPackageData
7 silly fetchPackageMetaData node-zlib-backport
8 silly fetchNamedPackageData node-zlib-backport
9 silly mapToRegistry name node-zlib-backport
10 silly mapToRegistry using default registry
11 silly mapToRegistry registry https://registry.npmjs.org/
12 silly mapToRegistry data Result {
12 silly mapToRegistry   raw: 'node-zlib-backport',
12 silly mapToRegistry   scope: null,
12 silly mapToRegistry   escapedName: 'node-zlib-backport',
12 silly mapToRegistry   name: 'node-zlib-backport',
12 silly mapToRegistry   rawSpec: '',
12 silly mapToRegistry   spec: 'latest',
12 silly mapToRegistry   type: 'tag' }
13 silly mapToRegistry uri https://registry.npmjs.org/node-zlib-backport
14 verbose request uri https://registry.npmjs.org/node-zlib-backport
15 verbose request no auth needed
16 info attempt registry request try #1 at 2:18:11 PM
17 verbose request id f8e95728ac13feb9
18 http request GET https://registry.npmjs.org/node-zlib-backport
19 http 200 https://registry.npmjs.org/node-zlib-backport
20 verbose headers { server: 'nginx/1.10.1',
20 verbose headers   'content-type': 'application/json',
20 verbose headers   'last-modified': 'Wed, 13 May 2015 13:35:08 GMT',
20 verbose headers   etag: 'W/"5553530c-f3d"',
20 verbose headers   'content-encoding': 'gzip',
20 verbose headers   'cache-control': 'max-age=300',
20 verbose headers   'content-length': '1663',
20 verbose headers   'accept-ranges': 'bytes',
20 verbose headers   date: 'Fri, 21 Jul 2017 14:18:21 GMT',
20 verbose headers   via: '1.1 varnish',
20 verbose headers   age: '0',
20 verbose headers   connection: 'keep-alive',
20 verbose headers   'x-served-by': 'cache-ord1730-ORD',
20 verbose headers   'x-cache': 'MISS',
20 verbose headers   'x-cache-hits': '0',
20 verbose headers   'x-timer': 'S1500646702.728579,VS0,VE45',
20 verbose headers   vary: 'Accept-Encoding, Accept' }
21 silly get cb [ 200,
21 silly get   { server: 'nginx/1.10.1',
21 silly get     'content-type': 'application/json',
21 silly get     'last-modified': 'Wed, 13 May 2015 13:35:08 GMT',
21 silly get     etag: 'W/"5553530c-f3d"',
21 silly get     'content-encoding': 'gzip',
21 silly get     'cache-control': 'max-age=300',
21 silly get     'content-length': '1663',
21 silly get     'accept-ranges': 'bytes',
21 silly get     date: 'Fri, 21 Jul 2017 14:18:21 GMT',
21 silly get     via: '1.1 varnish',
21 silly get     age: '0',
21 silly get     connection: 'keep-alive',
21 silly get     'x-served-by': 'cache-ord1730-ORD',
21 silly get     'x-cache': 'MISS',
21 silly get     'x-cache-hits': '0',
21 silly get     'x-timer': 'S1500646702.728579,VS0,VE45',
21 silly get     vary: 'Accept-Encoding, Accept' } ]
22 verbose get saving node-zlib-backport to C:\Users\Garnet Grimm\AppData\Local\.meteor\packages\meteor-tool\1.4.2_3\mt-os.windows.x86_32\dev_bundle\.npm\registry.npmjs.org\node-zlib-backport\.cache.json
23 verbose correctMkdir C:\Users\Garnet Grimm\AppData\Local\.meteor\packages\meteor-tool\1.4.2_3\mt-os.windows.x86_32\dev_bundle\.npm correctMkdir not in flight; initializing
24 silly install normalizeTree
25 silly loadCurrentTree Finishing
26 silly loadIdealTree Starting
27 silly install loadIdealTree
28 silly cloneCurrentTree Starting
29 silly install cloneCurrentTreeToIdealTree
30 silly cloneCurrentTree Finishing
31 silly loadShrinkwrap Starting
32 silly install loadShrinkwrap
33 silly loadShrinkwrap Finishing
34 silly loadAllDepsIntoIdealTree Starting
35 silly install loadAllDepsIntoIdealTree
36 silly resolveWithNewModule node-zlib-backport@0.11.15 checking installable status
37 silly cache add args [ 'node-zlib-backport', null ]
38 verbose cache add spec node-zlib-backport
39 silly cache add parsed spec Result {
39 silly cache add   raw: 'node-zlib-backport',
39 silly cache add   scope: null,
39 silly cache add   escapedName: 'node-zlib-backport',
39 silly cache add   name: 'node-zlib-backport',
39 silly cache add   rawSpec: '',
39 silly cache add   spec: 'latest',
39 silly cache add   type: 'tag' }
40 silly addNamed node-zlib-backport@latest
41 verbose addNamed "latest" is being treated as a dist-tag for node-zlib-backport
42 info addNameTag [ 'node-zlib-backport', 'latest' ]
43 silly mapToRegistry name node-zlib-backport
44 silly mapToRegistry using default registry
45 silly mapToRegistry registry https://registry.npmjs.org/
46 silly mapToRegistry data Result {
46 silly mapToRegistry   raw: 'node-zlib-backport',
46 silly mapToRegistry   scope: null,
46 silly mapToRegistry   escapedName: 'node-zlib-backport',
46 silly mapToRegistry   name: 'node-zlib-backport',
46 silly mapToRegistry   rawSpec: '',
46 silly mapToRegistry   spec: 'latest',
46 silly mapToRegistry   type: 'tag' }
47 silly mapToRegistry uri https://registry.npmjs.org/node-zlib-backport
48 verbose addNameTag registry:https://registry.npmjs.org/node-zlib-backport not in flight; fetching
49 verbose get https://registry.npmjs.org/node-zlib-backport not expired, no request
50 silly addNameTag next cb for node-zlib-backport with tag latest
51 silly addNamed node-zlib-backport@0.11.15
52 verbose addNamed "0.11.15" is a plain semver version for node-zlib-backport
53 silly mapToRegistry name node-zlib-backport
54 silly mapToRegistry using default registry
55 silly mapToRegistry registry https://registry.npmjs.org/
56 silly mapToRegistry data Result {
56 silly mapToRegistry   raw: 'node-zlib-backport',
56 silly mapToRegistry   scope: null,
56 silly mapToRegistry   escapedName: 'node-zlib-backport',
56 silly mapToRegistry   name: 'node-zlib-backport',
56 silly mapToRegistry   rawSpec: '',
56 silly mapToRegistry   spec: 'latest',
56 silly mapToRegistry   type: 'tag' }
57 silly mapToRegistry uri https://registry.npmjs.org/node-zlib-backport
58 verbose addRemoteTarball https://registry.npmjs.org/node-zlib-backport/-/node-zlib-backport-0.11.15.tgz not in flight; adding
59 verbose addRemoteTarball [ 'https://registry.npmjs.org/node-zlib-backport/-/node-zlib-backport-0.11.15.tgz',
59 verbose addRemoteTarball   'a56194987005f3ba7e01dd3b165bbbe4d2b64072' ]
60 info retry fetch attempt 1 at 2:18:13 PM
61 info attempt registry request try #1 at 2:18:13 PM
62 http fetch GET https://registry.npmjs.org/node-zlib-backport/-/node-zlib-backport-0.11.15.tgz
63 http fetch 200 https://registry.npmjs.org/node-zlib-backport/-/node-zlib-backport-0.11.15.tgz
64 silly fetchAndShaCheck shasum a56194987005f3ba7e01dd3b165bbbe4d2b64072
65 verbose addTmpTarball C:\Users\GARNET~1\AppData\Local\Temp\npm-10920-c5680206\registry.npmjs.org\node-zlib-backport\-\node-zlib-backport-0.11.15.tgz not in flight; adding
66 verbose addTmpTarball already have metadata; skipping unpack for node-zlib-backport@0.11.15
67 verbose correctMkdir C:\Users\Garnet Grimm\AppData\Local\.meteor\packages\meteor-tool\1.4.2_3\mt-os.windows.x86_32\dev_bundle\.npm correctMkdir not in flight; initializing
68 silly cache afterAdd node-zlib-backport@0.11.15
69 verbose afterAdd C:\Users\Garnet Grimm\AppData\Local\.meteor\packages\meteor-tool\1.4.2_3\mt-os.windows.x86_32\dev_bundle\.npm\node-zlib-backport\0.11.15\package\package.json not in flight; writing
70 verbose correctMkdir C:\Users\Garnet Grimm\AppData\Local\.meteor\packages\meteor-tool\1.4.2_3\mt-os.windows.x86_32\dev_bundle\.npm correctMkdir not in flight; initializing
71 verbose afterAdd C:\Users\Garnet Grimm\AppData\Local\.meteor\packages\meteor-tool\1.4.2_3\mt-os.windows.x86_32\dev_bundle\.npm\node-zlib-backport\0.11.15\package\package.json written
72 silly loadAllDepsIntoIdealTree Finishing
73 silly loadIdealTree Finishing
74 silly currentTree neato_app@
74 silly currentTree +-- accepts@1.3.3
74 silly currentTree +-- after@0.8.2
74 silly currentTree +-- ajv@4.11.8
74 silly currentTree +-- arraybuffer.slice@0.0.6
74 silly currentTree +-- asn1@0.2.3
74 silly currentTree +-- assert-plus@0.2.0
74 silly currentTree +-- asynckit@0.4.0
74 silly currentTree +-- aws-sign2@0.6.0
74 silly currentTree +-- aws4@1.6.0
74 silly currentTree +-- babel-runtime@6.23.0
74 silly currentTree +-- backo2@1.0.2
74 silly currentTree +-- base64-arraybuffer@0.1.5
74 silly currentTree +-- base64id@1.0.0
74 silly currentTree +-- bcrypt-pbkdf@1.0.1
74 silly currentTree +-- bcrypt@0.8.7
74 silly currentTree +-- better-assert@1.0.2
74 silly currentTree +-- bindings@1.2.1
74 silly currentTree +-- blob@0.0.4
74 silly currentTree +-- boom@2.10.1
74 silly currentTree +-- callsite@1.0.0
74 silly currentTree +-- caseless@0.12.0
74 silly currentTree +-- co@4.6.0
74 silly currentTree +-- colors@1.1.2
74 silly currentTree +-- combined-stream@1.0.5
74 silly currentTree +-- component-bind@1.0.0
74 silly currentTree +-- component-emitter@1.1.2
74 silly currentTree +-- component-inherit@0.0.3
74 silly currentTree +-- cookie@0.3.1
74 silly currentTree +-- core-js@2.4.1
74 silly currentTree +-- cryptiles@2.0.5
74 silly currentTree +-- cwise-compiler@1.1.3
74 silly currentTree +-- dashdash@1.14.1
74 silly currentTree | `-- assert-plus@1.0.0
74 silly currentTree +-- data-uri-to-buffer@0.0.3
74 silly currentTree +-- debug@2.3.3
74 silly currentTree +-- delayed-stream@1.0.0
74 silly currentTree +-- dijkstrajs@1.0.1
74 silly currentTree +-- ecc-jsbn@0.1.1
74 silly currentTree +-- engine.io-client@1.8.3
74 silly currentTree | `-- component-emitter@1.2.1
74 silly currentTree +-- engine.io-parser@1.3.2
74 silly currentTree +-- engine.io@1.8.3
74 silly currentTree +-- extend@3.0.1
74 silly currentTree +-- extsprintf@1.0.2
74 silly currentTree +-- forever-agent@0.6.1
74 silly currentTree +-- form-data@2.1.4
74 silly currentTree +-- get-canvas-context@1.0.2
74 silly currentTree +-- get-pixels@3.3.0
74 silly currentTree +-- getpass@0.1.7
74 silly currentTree | `-- assert-plus@1.0.0
74 silly currentTree +-- har-schema@1.0.5
74 silly currentTree +-- har-validator@4.2.1
74 silly currentTree +-- has-binary@0.1.7
74 silly currentTree +-- has-cors@1.1.0
74 silly currentTree +-- hawk@3.1.3
74 silly currentTree +-- hoek@2.16.3
74 silly currentTree +-- http-signature@1.1.1
74 silly currentTree +-- indexof@0.0.1
74 silly currentTree +-- iota-array@1.0.0
74 silly currentTree +-- is-buffer@1.1.5
74 silly currentTree +-- is-typedarray@1.0.0
74 silly currentTree +-- isarray@0.0.1
74 silly currentTree +-- isstream@0.1.2
74 silly currentTree +-- jpeg-js@0.1.2
74 silly currentTree +-- jsbn@0.1.1
74 silly currentTree +-- json-schema@0.2.3
74 silly currentTree +-- json-stable-stringify@1.0.1
74 silly currentTree +-- json-stringify-safe@5.0.1
74 silly currentTree +-- json3@3.3.2
74 silly currentTree +-- jsonify@0.0.0
74 silly currentTree +-- jsprim@1.4.0
74 silly currentTree | `-- assert-plus@1.0.0
74 silly currentTree +-- meteor-node-stubs@0.2.6
74 silly currentTree | +-- asn1.js@4.9.0
74 silly currentTree | +-- assert@1.4.1
74 silly currentTree | +-- base64-js@1.2.0
74 silly currentTree | +-- Base64@0.2.1
74 silly currentTree | +-- bn.js@4.11.6
74 silly currentTree | +-- brorand@1.0.6
74 silly currentTree | +-- browserify-aes@1.0.6
74 silly currentTree | +-- browserify-cipher@1.0.0
74 silly currentTree | +-- browserify-des@1.0.0
74 silly currentTree | +-- browserify-rsa@4.0.1
74 silly currentTree | +-- browserify-sign@4.0.0
74 silly currentTree | +-- browserify-zlib@0.1.4
74 silly currentTree | +-- buffer-shims@1.0.0
74 silly currentTree | +-- buffer-xor@1.0.3
74 silly currentTree | +-- buffer@4.9.1
74 silly currentTree | +-- cipher-base@1.0.3
74 silly currentTree | +-- console-browserify@1.1.0
74 silly currentTree | +-- constants-browserify@1.0.0
74 silly currentTree | +-- core-util-is@1.0.2
74 silly currentTree | +-- create-ecdh@4.0.0
74 silly currentTree | +-- create-hash@1.1.2
74 silly currentTree | +-- create-hmac@1.1.4
74 silly currentTree | +-- crypto-browserify@3.11.0
74 silly currentTree | +-- date-now@0.1.4
74 silly currentTree | +-- des.js@1.0.0
74 silly currentTree | +-- diffie-hellman@5.0.2
74 silly currentTree | +-- domain-browser@1.1.7
74 silly currentTree | +-- elliptic@6.3.2
74 silly currentTree | +-- events@1.1.1
74 silly currentTree | +-- evp_bytestokey@1.0.0
74 silly currentTree | +-- hash.js@1.0.3
74 silly currentTree | +-- http-browserify@1.7.0
74 silly currentTree | +-- https-browserify@0.0.1
74 silly currentTree | +-- ieee754@1.1.8
74 silly currentTree | +-- indexof@0.0.1
74 silly currentTree | +-- inherits@2.0.1
74 silly currentTree | +-- isarray@1.0.0
74 silly currentTree | +-- miller-rabin@4.0.0
74 silly currentTree | +-- minimalistic-assert@1.0.0
74 silly currentTree | +-- os-browserify@0.2.1
74 silly currentTree | +-- pako@0.2.9
74 silly currentTree | +-- parse-asn1@5.0.0
74 silly currentTree | +-- path-browserify@0.0.0
74 silly currentTree | +-- pbkdf2@3.0.9
74 silly currentTree | +-- process-nextick-args@1.0.7
74 silly currentTree | +-- process@0.11.9
74 silly currentTree | +-- public-encrypt@4.0.0
74 silly currentTree | +-- punycode@1.4.1
74 silly currentTree | +-- querystring-es3@0.2.1
74 silly currentTree | +-- querystring@0.2.0
74 silly currentTree | +-- randombytes@2.0.3
74 silly currentTree | +-- readable-stream@2.2.1
74 silly currentTree | +-- ripemd160@1.0.1
74 silly currentTree | +-- sha.js@2.4.8
74 silly currentTree | +-- stream-browserify@2.0.1
74 silly currentTree | +-- string_decoder@0.10.31
74 silly currentTree | +-- timers-browserify@1.4.2
74 silly currentTree | +-- tty-browserify@0.0.0
74 silly currentTree | +-- url@0.11.0
74 silly currentTree | | `-- punycode@1.3.2
74 silly currentTree | +-- util-deprecate@1.0.2
74 silly currentTree | +-- util@0.10.3
74 silly currentTree | `-- vm-browserify@0.0.4
74 silly currentTree +-- mime-db@1.27.0
74 silly currentTree +-- mime-types@2.1.15
74 silly currentTree +-- ms@0.7.2
74 silly currentTree +-- nan@2.3.5
74 silly currentTree +-- ndarray-pack@1.2.1
74 silly currentTree +-- ndarray@1.0.18
74 silly currentTree +-- negotiator@0.6.1
74 silly currentTree +-- node-bitmap@0.0.1
74 silly currentTree +-- oauth-sign@0.8.2
74 silly currentTree +-- object-assign@4.1.0
74 silly currentTree +-- object-component@0.0.3
74 silly currentTree +-- omggif@1.0.8
74 silly currentTree +-- options@0.0.6
74 silly currentTree +-- parse-data-uri@0.2.0
74 silly currentTree +-- parsejson@0.0.3
74 silly currentTree +-- parseqs@0.0.5
74 silly currentTree +-- parseuri@0.0.5
74 silly currentTree +-- performance-now@0.2.0
74 silly currentTree +-- pngjs@2.3.1
74 silly currentTree +-- punycode@1.4.1
74 silly currentTree +-- qr-image@3.2.0
74 silly currentTree +-- qrcode@0.8.2
74 silly currentTree | `-- isarray@2.0.2
74 silly currentTree +-- qs@6.4.0
74 silly currentTree +-- regenerator-runtime@0.10.3
74 silly currentTree +-- request@2.81.0
74 silly currentTree +-- safe-buffer@5.1.1
74 silly currentTree +-- sntp@1.0.9
74 silly currentTree +-- socket.io-adapter@0.5.0
74 silly currentTree +-- socket.io-client@1.7.3
74 silly currentTree | `-- component-emitter@1.2.1
74 silly currentTree +-- socket.io-parser@2.3.1
74 silly currentTree | +-- debug@2.2.0
74 silly currentTree | `-- ms@0.7.1
74 silly currentTree +-- socket.io@1.7.3
74 silly currentTree +-- sshpk@1.13.1
74 silly currentTree | `-- assert-plus@1.0.0
74 silly currentTree +-- stringstream@0.0.5
74 silly currentTree +-- through@2.3.8
74 silly currentTree +-- to-array@0.1.4
74 silly currentTree +-- tough-cookie@2.3.2
74 silly currentTree +-- tunnel-agent@0.6.0
74 silly currentTree +-- tweetnacl@0.14.5
74 silly currentTree +-- ultron@1.0.2
74 silly currentTree +-- uniq@1.0.1
74 silly currentTree +-- uuid@3.1.0
74 silly currentTree +-- verror@1.3.6
74 silly currentTree +-- ws@1.1.2
74 silly currentTree +-- wtf-8@1.0.0
74 silly currentTree +-- xmlhttprequest-ssl@1.5.3
74 silly currentTree `-- yeast@0.1.2
75 silly idealTree neato_app@
75 silly idealTree +-- accepts@1.3.3
75 silly idealTree +-- after@0.8.2
75 silly idealTree +-- ajv@4.11.8
75 silly idealTree +-- arraybuffer.slice@0.0.6
75 silly idealTree +-- asn1@0.2.3
75 silly idealTree +-- assert-plus@0.2.0
75 silly idealTree +-- asynckit@0.4.0
75 silly idealTree +-- aws-sign2@0.6.0
75 silly idealTree +-- aws4@1.6.0
75 silly idealTree +-- babel-runtime@6.23.0
75 silly idealTree +-- backo2@1.0.2
75 silly idealTree +-- base64-arraybuffer@0.1.5
75 silly idealTree +-- base64id@1.0.0
75 silly idealTree +-- bcrypt-pbkdf@1.0.1
75 silly idealTree +-- bcrypt@0.8.7
75 silly idealTree +-- better-assert@1.0.2
75 silly idealTree +-- bindings@1.2.1
75 silly idealTree +-- blob@0.0.4
75 silly idealTree +-- boom@2.10.1
75 silly idealTree +-- callsite@1.0.0
75 silly idealTree +-- caseless@0.12.0
75 silly idealTree +-- co@4.6.0
75 silly idealTree +-- colors@1.1.2
75 silly idealTree +-- combined-stream@1.0.5
75 silly idealTree +-- component-bind@1.0.0
75 silly idealTree +-- component-emitter@1.1.2
75 silly idealTree +-- component-inherit@0.0.3
75 silly idealTree +-- cookie@0.3.1
75 silly idealTree +-- core-js@2.4.1
75 silly idealTree +-- cryptiles@2.0.5
75 silly idealTree +-- cwise-compiler@1.1.3
75 silly idealTree +-- dashdash@1.14.1
75 silly idealTree | `-- assert-plus@1.0.0
75 silly idealTree +-- data-uri-to-buffer@0.0.3
75 silly idealTree +-- debug@2.3.3
75 silly idealTree +-- delayed-stream@1.0.0
75 silly idealTree +-- dijkstrajs@1.0.1
75 silly idealTree +-- ecc-jsbn@0.1.1
75 silly idealTree +-- engine.io-client@1.8.3
75 silly idealTree | `-- component-emitter@1.2.1
75 silly idealTree +-- engine.io-parser@1.3.2
75 silly idealTree +-- engine.io@1.8.3
75 silly idealTree +-- extend@3.0.1
75 silly idealTree +-- extsprintf@1.0.2
75 silly idealTree +-- forever-agent@0.6.1
75 silly idealTree +-- form-data@2.1.4
75 silly idealTree +-- get-canvas-context@1.0.2
75 silly idealTree +-- get-pixels@3.3.0
75 silly idealTree +-- getpass@0.1.7
75 silly idealTree | `-- assert-plus@1.0.0
75 silly idealTree +-- har-schema@1.0.5
75 silly idealTree +-- har-validator@4.2.1
75 silly idealTree +-- has-binary@0.1.7
75 silly idealTree +-- has-cors@1.1.0
75 silly idealTree +-- hawk@3.1.3
75 silly idealTree +-- hoek@2.16.3
75 silly idealTree +-- http-signature@1.1.1
75 silly idealTree +-- indexof@0.0.1
75 silly idealTree +-- iota-array@1.0.0
75 silly idealTree +-- is-buffer@1.1.5
75 silly idealTree +-- is-typedarray@1.0.0
75 silly idealTree +-- isarray@0.0.1
75 silly idealTree +-- isstream@0.1.2
75 silly idealTree +-- jpeg-js@0.1.2
75 silly idealTree +-- jsbn@0.1.1
75 silly idealTree +-- json-schema@0.2.3
75 silly idealTree +-- json-stable-stringify@1.0.1
75 silly idealTree +-- json-stringify-safe@5.0.1
75 silly idealTree +-- json3@3.3.2
75 silly idealTree +-- jsonify@0.0.0
75 silly idealTree +-- jsprim@1.4.0
75 silly idealTree | `-- assert-plus@1.0.0
75 silly idealTree +-- meteor-node-stubs@0.2.6
75 silly idealTree | +-- asn1.js@4.9.0
75 silly idealTree | +-- assert@1.4.1
75 silly idealTree | +-- base64-js@1.2.0
75 silly idealTree | +-- Base64@0.2.1
75 silly idealTree | +-- bn.js@4.11.6
75 silly idealTree | +-- brorand@1.0.6
75 silly idealTree | +-- browserify-aes@1.0.6
75 silly idealTree | +-- browserify-cipher@1.0.0
75 silly idealTree | +-- browserify-des@1.0.0
75 silly idealTree | +-- browserify-rsa@4.0.1
75 silly idealTree | +-- browserify-sign@4.0.0
75 silly idealTree | +-- browserify-zlib@0.1.4
75 silly idealTree | +-- buffer-shims@1.0.0
75 silly idealTree | +-- buffer-xor@1.0.3
75 silly idealTree | +-- buffer@4.9.1
75 silly idealTree | +-- cipher-base@1.0.3
75 silly idealTree | +-- console-browserify@1.1.0
75 silly idealTree | +-- constants-browserify@1.0.0
75 silly idealTree | +-- core-util-is@1.0.2
75 silly idealTree | +-- create-ecdh@4.0.0
75 silly idealTree | +-- create-hash@1.1.2
75 silly idealTree | +-- create-hmac@1.1.4
75 silly idealTree | +-- crypto-browserify@3.11.0
75 silly idealTree | +-- date-now@0.1.4
75 silly idealTree | +-- des.js@1.0.0
75 silly idealTree | +-- diffie-hellman@5.0.2
75 silly idealTree | +-- domain-browser@1.1.7
75 silly idealTree | +-- elliptic@6.3.2
75 silly idealTree | +-- events@1.1.1
75 silly idealTree | +-- evp_bytestokey@1.0.0
75 silly idealTree | +-- hash.js@1.0.3
75 silly idealTree | +-- http-browserify@1.7.0
75 silly idealTree | +-- https-browserify@0.0.1
75 silly idealTree | +-- ieee754@1.1.8
75 silly idealTree | +-- indexof@0.0.1
75 silly idealTree | +-- inherits@2.0.1
75 silly idealTree | +-- isarray@1.0.0
75 silly idealTree | +-- miller-rabin@4.0.0
75 silly idealTree | +-- minimalistic-assert@1.0.0
75 silly idealTree | +-- os-browserify@0.2.1
75 silly idealTree | +-- pako@0.2.9
75 silly idealTree | +-- parse-asn1@5.0.0
75 silly idealTree | +-- path-browserify@0.0.0
75 silly idealTree | +-- pbkdf2@3.0.9
75 silly idealTree | +-- process-nextick-args@1.0.7
75 silly idealTree | +-- process@0.11.9
75 silly idealTree | +-- public-encrypt@4.0.0
75 silly idealTree | +-- punycode@1.4.1
75 silly idealTree | +-- querystring-es3@0.2.1
75 silly idealTree | +-- querystring@0.2.0
75 silly idealTree | +-- randombytes@2.0.3
75 silly idealTree | +-- readable-stream@2.2.1
75 silly idealTree | +-- ripemd160@1.0.1
75 silly idealTree | +-- sha.js@2.4.8
75 silly idealTree | +-- stream-browserify@2.0.1
75 silly idealTree | +-- string_decoder@0.10.31
75 silly idealTree | +-- timers-browserify@1.4.2
75 silly idealTree | +-- tty-browserify@0.0.0
75 silly idealTree | +-- url@0.11.0
75 silly idealTree | | `-- punycode@1.3.2
75 silly idealTree | +-- util-deprecate@1.0.2
75 silly idealTree | +-- util@0.10.3
75 silly idealTree | `-- vm-browserify@0.0.4
75 silly idealTree +-- mime-db@1.27.0
75 silly idealTree +-- mime-types@2.1.15
75 silly idealTree +-- ms@0.7.2
75 silly idealTree +-- nan@2.3.5
75 silly idealTree +-- ndarray-pack@1.2.1
75 silly idealTree +-- ndarray@1.0.18
75 silly idealTree +-- negotiator@0.6.1
75 silly idealTree +-- node-bitmap@0.0.1
75 silly idealTree +-- node-zlib-backport@0.11.15
75 silly idealTree +-- oauth-sign@0.8.2
75 silly idealTree +-- object-assign@4.1.0
75 silly idealTree +-- object-component@0.0.3
75 silly idealTree +-- omggif@1.0.8
75 silly idealTree +-- options@0.0.6
75 silly idealTree +-- parse-data-uri@0.2.0
75 silly idealTree +-- parsejson@0.0.3
75 silly idealTree +-- parseqs@0.0.5
75 silly idealTree +-- parseuri@0.0.5
75 silly idealTree +-- performance-now@0.2.0
75 silly idealTree +-- pngjs@2.3.1
75 silly idealTree +-- punycode@1.4.1
75 silly idealTree +-- qr-image@3.2.0
75 silly idealTree +-- qrcode@0.8.2
75 silly idealTree | `-- isarray@2.0.2
75 silly idealTree +-- qs@6.4.0
75 silly idealTree +-- regenerator-runtime@0.10.3
75 silly idealTree +-- request@2.81.0
75 silly idealTree +-- safe-buffer@5.1.1
75 silly idealTree +-- sntp@1.0.9
75 silly idealTree +-- socket.io-adapter@0.5.0
75 silly idealTree +-- socket.io-client@1.7.3
75 silly idealTree | `-- component-emitter@1.2.1
75 silly idealTree +-- socket.io-parser@2.3.1
75 silly idealTree | +-- debug@2.2.0
75 silly idealTree | `-- ms@0.7.1
75 silly idealTree +-- socket.io@1.7.3
75 silly idealTree +-- sshpk@1.13.1
75 silly idealTree | `-- assert-plus@1.0.0
75 silly idealTree +-- stringstream@0.0.5
75 silly idealTree +-- through@2.3.8
75 silly idealTree +-- to-array@0.1.4
75 silly idealTree +-- tough-cookie@2.3.2
75 silly idealTree +-- tunnel-agent@0.6.0
75 silly idealTree +-- tweetnacl@0.14.5
75 silly idealTree +-- ultron@1.0.2
75 silly idealTree +-- uniq@1.0.1
75 silly idealTree +-- uuid@3.1.0
75 silly idealTree +-- verror@1.3.6
75 silly idealTree +-- ws@1.1.2
75 silly idealTree +-- wtf-8@1.0.0
75 silly idealTree +-- xmlhttprequest-ssl@1.5.3
75 silly idealTree `-- yeast@0.1.2
76 silly generateActionsToTake Starting
77 silly install generateActionsToTake
78 silly generateActionsToTake Finishing
79 silly diffTrees action count 1
80 silly diffTrees add node-zlib-backport@0.11.15
81 silly decomposeActions action count 8
82 silly decomposeActions fetch node-zlib-backport@0.11.15
83 silly decomposeActions extract node-zlib-backport@0.11.15
84 silly decomposeActions test node-zlib-backport@0.11.15
85 silly decomposeActions preinstall node-zlib-backport@0.11.15
86 silly decomposeActions build node-zlib-backport@0.11.15
87 silly decomposeActions install node-zlib-backport@0.11.15
88 silly decomposeActions postinstall node-zlib-backport@0.11.15
89 silly decomposeActions finalize node-zlib-backport@0.11.15
90 silly runTopLevelLifecycles Starting
91 silly executeActions Starting
92 silly install executeActions
93 silly doSerial global-install 0
94 silly doParallel fetch 1
95 verbose correctMkdir C:\Users\Garnet Grimm\AppData\Local\.meteor\packages\meteor-tool\1.4.2_3\mt-os.windows.x86_32\dev_bundle\.npm\_locks correctMkdir not in flight; initializing
96 verbose lock using C:\Users\Garnet Grimm\AppData\Local\.meteor\packages\meteor-tool\1.4.2_3\mt-os.windows.x86_32\dev_bundle\.npm\_locks\staging-121c6cf086b27f75.lock for C:\Users\Garnet Grimm\Desktop\trash_code\server\meteor\auto-trash\node_modules\.staging
97 silly doParallel extract 1
98 silly extract node-zlib-backport@0.11.15
99 verbose unbuild node_modules\.staging\node-zlib-backport-d026afe8
100 silly gentlyRm C:\Users\Garnet Grimm\Desktop\trash_code\server\meteor\auto-trash\node_modules\.staging\node-zlib-backport-d026afe8 is being purged from base C:\Users\Garnet Grimm\Desktop\trash_code\server\meteor\auto-trash
101 verbose gentlyRm don't care about contents; nuking C:\Users\Garnet Grimm\Desktop\trash_code\server\meteor\auto-trash\node_modules\.staging\node-zlib-backport-d026afe8
102 verbose tar unpack C:\Users\Garnet Grimm\AppData\Local\.meteor\packages\meteor-tool\1.4.2_3\mt-os.windows.x86_32\dev_bundle\.npm\node-zlib-backport\0.11.15\package.tgz
103 verbose tar unpacking to C:\Users\Garnet Grimm\Desktop\trash_code\server\meteor\auto-trash\node_modules\.staging\node-zlib-backport-d026afe8
104 silly gentlyRm C:\Users\Garnet Grimm\Desktop\trash_code\server\meteor\auto-trash\node_modules\.staging\node-zlib-backport-d026afe8 is being purged
105 verbose gentlyRm don't care about contents; nuking C:\Users\Garnet Grimm\Desktop\trash_code\server\meteor\auto-trash\node_modules\.staging\node-zlib-backport-d026afe8
106 silly gunzTarPerm modes [ '777', '666' ]
107 silly gunzTarPerm extractEntry package.json
108 silly gunzTarPerm modified mode [ 'package.json', 436, 438 ]
109 silly gunzTarPerm extractEntry .npmignore
110 silly gunzTarPerm modified mode [ '.npmignore', 436, 438 ]
111 silly gunzTarPerm extractEntry README.md
112 silly gunzTarPerm modified mode [ 'README.md', 436, 438 ]
113 silly gunzTarPerm extractEntry index.js
114 silly gunzTarPerm modified mode [ 'index.js', 436, 438 ]
115 silly gunzTarPerm extractEntry binding.gyp
116 silly gunzTarPerm modified mode [ 'binding.gyp', 436, 438 ]
117 silly gunzTarPerm extractEntry lib/zlib.js
118 silly gunzTarPerm modified mode [ 'lib/zlib.js', 436, 438 ]
119 silly gunzTarPerm extractEntry src/node_zlib.cc
120 silly gunzTarPerm modified mode [ 'src/node_zlib.cc', 436, 438 ]
121 silly gentlyRm C:\Users\Garnet Grimm\Desktop\trash_code\server\meteor\auto-trash\node_modules\.staging\node-zlib-backport-d026afe8\node_modules is being purged
122 verbose gentlyRm don't care about contents; nuking C:\Users\Garnet Grimm\Desktop\trash_code\server\meteor\auto-trash\node_modules\.staging\node-zlib-backport-d026afe8\node_modules
123 silly doParallel preinstall 1
124 silly preinstall node-zlib-backport@0.11.15 C:\Users\Garnet Grimm\Desktop\trash_code\server\meteor\auto-trash\node_modules\.staging\node-zlib-backport-d026afe8
125 info lifecycle node-zlib-backport@0.11.15~preinstall: node-zlib-backport@0.11.15
126 silly lifecycle node-zlib-backport@0.11.15~preinstall: no script for preinstall, continuing
127 silly doReverseSerial remove 0
128 silly doSerial move 0
129 silly doSerial finalize 1
130 silly finalize C:\Users\Garnet Grimm\Desktop\trash_code\server\meteor\auto-trash\node_modules\node-zlib-backport
131 silly doSerial build 1
132 silly build node-zlib-backport@0.11.15
133 info linkStuff node-zlib-backport@0.11.15
134 silly linkStuff node-zlib-backport@0.11.15 has C:\Users\Garnet Grimm\Desktop\trash_code\server\meteor\auto-trash\node_modules as its parent node_modules
135 verbose linkBins node-zlib-backport@0.11.15
136 verbose linkMans node-zlib-backport@0.11.15
137 silly doSerial global-link 0
138 silly doParallel update-linked 0
139 silly doSerial install 1
140 silly install node-zlib-backport@0.11.15 C:\Users\Garnet Grimm\Desktop\trash_code\server\meteor\auto-trash\node_modules\.staging\node-zlib-backport-d026afe8
141 info lifecycle node-zlib-backport@0.11.15~install: node-zlib-backport@0.11.15
142 verbose lifecycle node-zlib-backport@0.11.15~install: unsafe-perm in lifecycle true
143 verbose lifecycle node-zlib-backport@0.11.15~install: PATH: C:\Users\Garnet Grimm\AppData\Local\.meteor\packages\meteor-tool\1.4.2_3\mt-os.windows.x86_32\dev_bundle\lib\node_modules\npm\bin\node-gyp-bin;C:\Users\Garnet Grimm\Desktop\trash_code\server\meteor\auto-trash\node_modules\node-zlib-backport\node_modules\.bin;C:\Users\Garnet Grimm\Desktop\trash_code\server\meteor\auto-trash\node_modules\.bin;C:\Users\Garnet Grimm\AppData\Local\.meteor\packages\meteor-tool\1.4.2_3\mt-os.windows.x86_32\dev_bundle\bin;C:\Users\Garnet Grimm\AppData\Local\.meteor\packages\meteor-tool\1.4.2_3\mt-os.windows.x86_32\dev_bundle\lib\node_modules\.bin;C:\WINDOWS\system32;C:\Program Files\Java\jdk1.8.0_91\bin;C:\WINDOWS;C:\WINDOWS\System32\Wbem;C:\WINDOWS\System32\WindowsPowerShell\v1.0\;C:\MinGW\bin;C:\Lua\src;C:\WINDOWS\system32\config\systemprofile\.dnx\bin;C:\Program Files\Microsoft DNX\Dnvm\;C:\Program Files\Microsoft SQL Server\130\Tools\Binn\;C:\Program Files (x86)\Windows Kits\8.1\Windows Performance Toolkit\;C:\WebDev\RailsInstaller\Git\cmd;C:\Ruby23\bin;C:\WebDev\php;C:\Program Files (x86)\Heroku\bin;C:\Program Files (x86)\git\cmd;C:\Program Files (x86)\Git\cmd;C:\Users\Garnet Grimm\AppData\Local\Programs\Python\Python36;C:\Users\Garnet Grimm\AppData\Local\Programs\Python\Python36\Scripts;C:\WINDOWS\system32;C:\WINDOWS;C:\WINDOWS\System32\Wbem;C:\WINDOWS\System32\WindowsPowerShell\v1.0\;C:\Program Files (x86)\ATI Technologies\ATI.ACE\Core-Static;C:\OpenCv\opencv\release\bin;C:\Program Files\nodejs\;C:\devkitPro\msys\bin;C:\Android\sdk\platform-tools;C:\Android\sdk\tools;C:\Program Files (x86)\Adobe\PhoneGap\PhoneGap Desktop;C:\Program Files (x86)\Skype\Phone\;C:\Users\Garnet Grimm\AppData\Local\Programs\Python\Python36\Scripts\;C:\Users\Garnet Grimm\AppData\Local\Programs\Python\Python36\;C:\Ruby23\bin;C:\Program Files\CMake\bin;C:\Users\Garnet Grimm\AppData\Local\Microsoft\WindowsApps;C:\Users\Garnet Grimm\AppData\Roaming\npm;C:\Users\Garnet Grimm\AppData\Local\.meteor\;
144 verbose lifecycle node-zlib-backport@0.11.15~install: CWD: C:\Users\Garnet Grimm\Desktop\trash_code\server\meteor\auto-trash\node_modules\node-zlib-backport
145 silly lifecycle node-zlib-backport@0.11.15~install: Args: [ '/d /s /c', 'node-gyp rebuild' ]
146 silly lifecycle node-zlib-backport@0.11.15~install: Returned: code: 1  signal: null
147 info lifecycle node-zlib-backport@0.11.15~install: Failed to exec install script
148 verbose unlock done using C:\Users\Garnet Grimm\AppData\Local\.meteor\packages\meteor-tool\1.4.2_3\mt-os.windows.x86_32\dev_bundle\.npm\_locks\staging-121c6cf086b27f75.lock for C:\Users\Garnet Grimm\Desktop\trash_code\server\meteor\auto-trash\node_modules\.staging
149 silly rollbackFailedOptional Starting
150 silly rollbackFailedOptional Finishing
151 silly runTopLevelLifecycles Finishing
152 silly install printInstalled
153 verbose stack Error: node-zlib-backport@0.11.15 install: `node-gyp rebuild`
153 verbose stack Exit status 1
153 verbose stack     at EventEmitter.<anonymous> (C:\Users\Garnet Grimm\AppData\Local\.meteor\packages\meteor-tool\1.4.2_3\mt-os.windows.x86_32\dev_bundle\lib\node_modules\npm\lib\utils\lifecycle.js:255:16)
153 verbose stack     at emitTwo (events.js:87:13)
153 verbose stack     at EventEmitter.emit (events.js:172:7)
153 verbose stack     at ChildProcess.<anonymous> (C:\Users\Garnet Grimm\AppData\Local\.meteor\packages\meteor-tool\1.4.2_3\mt-os.windows.x86_32\dev_bundle\lib\node_modules\npm\lib\utils\spawn.js:40:14)
153 verbose stack     at emitTwo (events.js:87:13)
153 verbose stack     at ChildProcess.emit (events.js:172:7)
153 verbose stack     at maybeClose (internal/child_process.js:854:16)
153 verbose stack     at Process.ChildProcess._handle.onexit (internal/child_process.js:222:5)
154 verbose pkgid node-zlib-backport@0.11.15
155 verbose cwd C:\Users\Garnet Grimm\Desktop\trash_code\server\meteor\auto-trash
156 error Windows_NT 10.0.15063
157 error argv "C:\\Users\\Garnet Grimm\\AppData\\Local\\.meteor\\packages\\meteor-tool\\1.4.2_3\\mt-os.windows.x86_32\\dev_bundle\\bin\\node.exe" "C:\\Users\\Garnet Grimm\\AppData\\Local\\.meteor\\packages\\meteor-tool\\1.4.2_3\\mt-os.windows.x86_32\\dev_bundle\\lib\\node_modules\\npm\\bin\\npm-cli.js" "install" "--save" "node-zlib-backport"
158 error node v4.6.2
159 error npm  v3.10.9
160 error code ELIFECYCLE
161 error node-zlib-backport@0.11.15 install: `node-gyp rebuild`
161 error Exit status 1
162 error Failed at the node-zlib-backport@0.11.15 install script 'node-gyp rebuild'.
162 error Make sure you have the latest version of node.js and npm installed.
162 error If you do, this is most likely a problem with the node-zlib-backport package,
162 error not with npm itself.
162 error Tell the author that this fails on your system:
162 error     node-gyp rebuild
162 error You can get information on how to open an issue for this project with:
162 error     npm bugs node-zlib-backport
162 error Or if that isn't available, you can get their info via:
162 error     npm owner ls node-zlib-backport
162 error There is likely additional logging output above.
163 verbose exit [ 1, true ]
